  [1m[36m (4.9ms)[0m  [1mCREATE TABLE "schema_migrations" ("version" varchar NOT NULL) [0m
  [1m[35m (0.1ms)[0m  select sqlite_version(*)
  [1m[36m (1.7ms)[0m  [1mCREATE UNIQUE INDEX "unique_schema_migrations" ON "schema_migrations" ("version")[0m
  [1m[35mActiveRecord::SchemaMigration Load (0.1ms)[0m  SELECT "schema_migrations".* FROM "schema_migrations"
Migrating to CreateUsers (20150722184228)
  [1m[36m (0.1ms)[0m  [1mbegin transaction[0m
  [1m[35m (0.6ms)[0m  CREATE TABLE "users" ("id" INTEGER PRIMARY KEY AUTOINCREMENT NOT NULL, "email" varchar, "password_digest" varchar, "created_at" datetime NOT NULL, "updated_at" datetime NOT NULL) 
  [1m[36mSQL (0.3ms)[0m  [1mINSERT INTO "schema_migrations" ("version") VALUES (?)[0m  [["version", "20150722184228"]]
  [1m[35m (2.4ms)[0m  commit transaction
  [1m[36mActiveRecord::SchemaMigration Load (0.1ms)[0m  [1mSELECT "schema_migrations".* FROM "schema_migrations"[0m


Started GET "/" for ::1 at 2015-07-28 10:14:36 -0700
  [1m[36mActiveRecord::SchemaMigration Load (0.3ms)[0m  [1mSELECT "schema_migrations".* FROM "schema_migrations"[0m
Processing by UsersController#index as HTML
Redirected to http://localhost:3000/sessions/new
Filter chain halted as :authorize rendered or redirected
Completed 302 Found in 15ms (ActiveRecord: 0.0ms)


Started GET "/sessions/new" for ::1 at 2015-07-28 10:14:36 -0700
Processing by SessionsController#new as HTML
  Rendered sessions/new.html.erb within layouts/application (2.7ms)
Completed 200 OK in 7556ms (Views: 7554.7ms | ActiveRecord: 0.0ms)


Started GET "/" for ::1 at 2015-07-28 10:14:49 -0700
Processing by UsersController#index as HTML
Redirected to http://localhost:3000/sessions/new
Filter chain halted as :authorize rendered or redirected
Completed 302 Found in 3ms (ActiveRecord: 0.0ms)


Started GET "/sessions/new" for ::1 at 2015-07-28 10:14:49 -0700
Processing by SessionsController#new as HTML
  Rendered sessions/new.html.erb within layouts/application (2.0ms)
Completed 200 OK in 263ms (Views: 261.7ms | ActiveRecord: 0.0ms)


Started GET "/sessions/new" for ::1 at 2015-07-28 10:15:41 -0700
Processing by SessionsController#new as HTML
  Rendered sessions/new.html.erb within layouts/application (0.9ms)
Completed 200 OK in 181ms (Views: 180.4ms | ActiveRecord: 0.0ms)


Started GET "/assets/sessions.self-e3b0c44298fc1c149afbf4c8996fb92427ae41e4649b934ca495991b7852b855.css?body=1" for ::1 at 2015-07-28 10:15:41 -0700


Started GET "/assets/application.self-1c4c8b6a18c94558acaa45cb3a5ffe17e23ededc38f812363e043783246ad859.css?body=1" for ::1 at 2015-07-28 10:15:41 -0700


Started GET "/assets/bootstrap/affix.self-d2b642d8fbfc1d7041e2edefd66683ada567a980789dcd6f94fddda0b33408b5.js?body=1" for ::1 at 2015-07-28 10:15:41 -0700


Started GET "/assets/bootstrap/alert.self-a29e91e8cd3ddaba9bbc466901d53ec2127e9256b9b941905d525a3a716bd1a5.js?body=1" for ::1 at 2015-07-28 10:15:41 -0700


Started GET "/assets/jquery.self-d03a5518f45df77341bdbe6201ba3bfa547ebba8ed64f0ea56bfa5f96ea7c074.js?body=1" for ::1 at 2015-07-28 10:15:41 -0700


Started GET "/assets/users.self-e3b0c44298fc1c149afbf4c8996fb92427ae41e4649b934ca495991b7852b855.css?body=1" for ::1 at 2015-07-28 10:15:41 -0700


Started GET "/assets/bootstrap/button.self-a6cb16785434acb365ae426aef9f1fce05ed553cae7a965e4471c3da71509175.js?body=1" for ::1 at 2015-07-28 10:15:41 -0700


Started GET "/assets/bootstrap/carousel.self-57eb8422043cf0a85b7a9dc6843916eb0a3e35b419c7798a5eb254b918997631.js?body=1" for ::1 at 2015-07-28 10:15:41 -0700


Started GET "/assets/bootstrap/collapse.self-7dc8bfbc2fbfabd2bad62c58ff8ffeaf8f20fb87c7ca6cd35f06d4dc19632587.js?body=1" for ::1 at 2015-07-28 10:15:41 -0700


Started GET "/assets/bootstrap/dropdown.self-9314126777c6be5443e37ea7f7967d7914d72b3e60449ba50edc967446373059.js?body=1" for ::1 at 2015-07-28 10:15:41 -0700


Started GET "/assets/bootstrap/tab.self-122235057fbd4c6c7da377d59dc58f47b44cb1088a2e38e6ee6ce9d8ac29a26a.js?body=1" for ::1 at 2015-07-28 10:15:41 -0700


Started GET "/assets/bootstrap/transition.self-09ff30b1e8a93d1f7728b9855f55d9c9d8d5734c8861e0d8139994e50944572a.js?body=1" for ::1 at 2015-07-28 10:15:41 -0700


Started GET "/assets/bootstrap/scrollspy.self-a155b9d4b2f978905f0326c0f6635e1134fe91c6bfbfcbad079fa24a9fef2b0e.js?body=1" for ::1 at 2015-07-28 10:15:41 -0700


Started GET "/assets/bootstrap/modal.self-72f95ffa1071297725a9ac91989693d56d1abf23f441a47455073b0da2857a5b.js?body=1" for ::1 at 2015-07-28 10:15:41 -0700


Started GET "/assets/bootstrap/tooltip.self-11cf547be953f25f511cec668f6690473fd97b2f65502e4032f4030999a3f0c3.js?body=1" for ::1 at 2015-07-28 10:15:41 -0700


Started GET "/assets/bootstrap/popover.self-77d8e3a2499c1104ef146396a68b82469ee2bdb365199b874694698d10405e9a.js?body=1" for ::1 at 2015-07-28 10:15:41 -0700


Started GET "/assets/bootstrap-sprockets.self-fbfa5ad7d9aa0afe439ec4ff3883acc4cb92b62cb67c40d674320c9aa1d4642d.js?body=1" for ::1 at 2015-07-28 10:15:41 -0700


Started GET "/assets/jquery_ujs.self-ca5248a2fad13d6bd58ea121318d642f195f0b2dd818b30615f785ff365e8d1f.js?body=1" for ::1 at 2015-07-28 10:15:41 -0700


Started GET "/assets/turbolinks.self-c37727e9bd6b2735da5c311aa83fead54ed0be6cc8bd9a65309e9c5abe2cbfff.js?body=1" for ::1 at 2015-07-28 10:15:41 -0700


Started GET "/assets/sessions.self-877aef30ae1b040ab8a3aba4e3e309a11d7f2612f44dde450b5c157aa5f95c05.js?body=1" for ::1 at 2015-07-28 10:15:41 -0700


Started GET "/assets/users.self-877aef30ae1b040ab8a3aba4e3e309a11d7f2612f44dde450b5c157aa5f95c05.js?body=1" for ::1 at 2015-07-28 10:15:41 -0700


Started GET "/assets/application.self-f8806224e027f3e3f0138ea9ce99319e298dfdb323304d1f1be6eae8e8c74724.js?body=1" for ::1 at 2015-07-28 10:15:41 -0700
